{
  "RSpec": {
    "coverage": {
      "/Users/vladtodorchuk/Desktop/RubyGarage/Tasks/Task 3/codebreakerapp/spec/app/commands/executor_spec.rb": {
        "lines": [
          null,
          null,
          1,
          5,
          null,
          2,
          2,
          3,
          null,
          1,
          1,
          1,
          1,
          1,
          null,
          null,
          1,
          1,
          1,
          null,
          null,
          null,
          1,
          1,
          1,
          1,
          null,
          null,
          1,
          1,
          1,
          null,
          null,
          null,
          1,
          1,
          1,
          1,
          null,
          null,
          1,
          1,
          1,
          null,
          null,
          null,
          1,
          1,
          1,
          1,
          null,
          null,
          1,
          1,
          1,
          null,
          null,
          null,
          null
        ]
      },
      "/Users/vladtodorchuk/Desktop/RubyGarage/Tasks/Task 3/codebreakerapp/spec/app/commands/yml_commands/load_command_spec.rb": {
        "lines": [
          null,
          null,
          1,
          null,
          null
        ]
      },
      "/Users/vladtodorchuk/Desktop/RubyGarage/Tasks/Task 3/codebreakerapp/spec/app/commands/yml_commands/save_command_spec.rb": {
        "lines": [
          null,
          1,
          null,
          null
        ]
      },
      "/Users/vladtodorchuk/Desktop/RubyGarage/Tasks/Task 3/codebreakerapp/spec/app/rating/table_spec.rb": {
        "lines": [
          null,
          null,
          1,
          null,
          null
        ]
      }
    },
    "timestamp": 1660124308
  }
}
